<?xml version="1.0" encoding="UTF-8"?>
<testng-results ignored="0" total="1" passed="1" failed="0" skipped="0">
  <reporter-output>
  </reporter-output>
  <suite started-at="2023-11-26T11:16:18 IST" name="Surefire suite" finished-at="2023-11-26T11:16:18 IST" duration-ms="97">
    <groups>
    </groups>
    <test started-at="2023-11-26T11:16:18 IST" name="Surefire test" finished-at="2023-11-26T11:16:18 IST" duration-ms="97">
      <class name="com.test.insureme_test.AppTest">
        <test-method signature="shouldAnswerWithTrue()" started-at="2023-11-26T11:16:18 IST" name="shouldAnswerWithTrue" finished-at="2023-11-26T11:16:18 IST" duration-ms="11" status="PASS">
          <reporter-output>
          </reporter-output>
        </test-method> <!-- shouldAnswerWithTrue -->
      </class> <!-- com.test.insureme_test.AppTest -->
    </test> <!-- Surefire test -->
  </suite> <!-- Surefire suite -->
</testng-results>
